[debug] [2023-07-26T02:01:51.032Z] ----------------------------------------------------------------------
[debug] [2023-07-26T02:01:51.034Z] Command:       C:\Program Files\nodejs\node.exe C:\Users\isaiah\AppData\Roaming\npm\node_modules\firebase-tools\lib\bin\firebase.js init
[debug] [2023-07-26T02:01:51.034Z] CLI Version:   12.4.5
[debug] [2023-07-26T02:01:51.035Z] Platform:      win32
[debug] [2023-07-26T02:01:51.035Z] Node Version:  v18.12.1
[debug] [2023-07-26T02:01:51.036Z] Time:          Tue Jul 25 2023 20:01:51 GMT-0600 (Mountain Daylight Saving Time)
[debug] [2023-07-26T02:01:51.036Z] ----------------------------------------------------------------------
[debug] 
[debug] [2023-07-26T02:01:51.100Z] > command requires scopes: ["email","openid","https://www.googleapis.com/auth/cloudplatformprojects.readonly","https://www.googleapis.com/auth/firebase","https://www.googleapis.com/auth/cloud-platform"]
[debug] [2023-07-26T02:01:51.100Z] > authorizing via signed-in user (daiz.isaiah@gmail.com)
[info] 
     ######## #### ########  ######## ########     ###     ######  ########
     ##        ##  ##     ## ##       ##     ##  ##   ##  ##       ##
     ######    ##  ########  ######   ########  #########  ######  ######
     ##        ##  ##    ##  ##       ##     ## ##     ##       ## ##
     ##       #### ##     ## ######## ########  ##     ##  ######  ########

You're about to initialize a Firebase project in this directory:

  D:\_Projects\PaperTrades

Before we get started, keep in mind:

  * You are initializing within an existing Firebase project directory

[info] 
=== Project Setup
[info] 
[info] First, let's associate this project directory with a Firebase project.
[info] You can create multiple project aliases by running firebase use --add, 
[info] but for now we'll just set up a default project.
[info] 
[debug] [2023-07-26T02:02:11.545Z] Using project from CLI flag: superchat-1ba61
[debug] [2023-07-26T02:02:11.547Z] >>> [apiv2][query] GET https://firebase.googleapis.com/v1beta1/projects/superchat-1ba61 [none]
[debug] [2023-07-26T02:02:11.793Z] <<< [apiv2][status] GET https://firebase.googleapis.com/v1beta1/projects/superchat-1ba61 200
[debug] [2023-07-26T02:02:11.793Z] <<< [apiv2][body] GET https://firebase.googleapis.com/v1beta1/projects/superchat-1ba61 {"projectId":"superchat-1ba61","projectNumber":"66509754280","displayName":"Paper Trades","name":"projects/superchat-1ba61","resources":{"hostingSite":"superchat-1ba61","realtimeDatabaseInstance":"superchat-1ba61-default-rtdb"},"state":"ACTIVE","etag":"1_eb0084b3-9d07-4579-99c1-a0dd61cb8b52"}
[info] i  Using project superchat-1ba61 (Paper Trades) 
[info] 
=== Frameworks Setup
[info] i  First we need a few details to create your service. 
